
================================================================
   Full PF + OPF Verification Experiments
================================================================
Tasks: pf, opf
Architectures: GCN, SAGEConv, GINE Linear, GINE Conv
Edge perturbation archs: gine_linear, gine_conv
Grids: ieee24, ieee39, ieee118
Node epsilon values: [0.001 0.005 0.01]
Edge epsilon: 0.001 (fixed)
Test graphs: 100
Perturbed node features: [1 2] (power injections)
Perturbed edge features: 1 (impedance)
Voltage spec: per-grid (ieee24:[0.95,1.05], ieee39:[0.94,1.06], ieee118:[0.94,1.09])
Perturbation modes: node_only, node_edge
Results: /home/verivital/Anne/dev/gnnv2/nnv/code/nnv/examples/NN/GNN/SAIV26/results/260313-115430
================================================================


########################################################
  PF — node only
########################################################

=== PF IEEE24 [node_only] (v=[0.95,1.05]) ===

Loading GCN from gcn_pf_ieee24.mat...
gnn2nnv: Detected model type: gcn
gnn2nnv: Building GCN with 3 conv layers
  Layer 1: GCNLayer 4 -> 32
  Layer 2: GCNLayer 32 -> 32
  Layer 3: GCNLayer 32 -> 4
gnn2nnv: Validating against Python predictions...
[Warning: Could not validate predictions: Conversion to double from cell is not
possible.] 
[> In gnn2nnv>validate_predictions (line 404)
In gnn2nnv (line 60)
In run_all_experiments (line 189)] 
gnn2nnv: Import complete. GNN has 6 layers.
  Available test graphs: 100, using: 100
  GT voltage filter: 100/100 graphs within [0.95, 1.05] p.u. (0 skipped)

--- PF IEEE24 GCN, eps=0.001 (100 graphs, 100 safe) ---
  [10/100] (graph 10) time=0.843s, verified=1, unknown=1, violated=11
  [20/100] (graph 20) time=1.128s, verified=0, unknown=0, violated=13
  [30/100] (graph 30) time=1.055s, verified=1, unknown=1, violated=11
  [40/100] (graph 40) time=0.700s, verified=0, unknown=2, violated=11
  [50/100] (graph 50) time=1.383s, verified=0, unknown=0, violated=13
  [60/100] (graph 60) time=0.834s, verified=1, unknown=1, violated=11
  [70/100] (graph 70) time=1.003s, verified=0, unknown=0, violated=13
  [80/100] (graph 80) time=1.023s, verified=5, unknown=0, violated=8
